<?xml version="1.0" encoding="UTF-8"?>
<!-- Generated by org.testng.reporters.JUnitXMLReporter -->
<testsuite ignored="2" hostname="LAPTOP-958NJ5MS" failures="0" tests="4" name="Test" time="0.08" errors="0" timestamp="2022-09-06T13:14:21 IST">
  <testcase classname="test.TestClass_TestNG" name="testC" time="0.007"/>
  <testcase classname="test.TestClass_TestNG" name="testB" time="0.002"/>
  <testcase classname="test.TestClass_TestNG_A" name="testC" time="0.001"/>
  <testcase classname="test.TestClass_TestNG_A" name="testB" time="0.001"/>
  <testcase classname="test.TestClass_TestNG" name="testA" time="0.0">
    <ignored/>
  </testcase> <!-- testA -->
  <testcase classname="test.TestClass_TestNG_A" name="testA" time="0.0">
    <ignored/>
  </testcase> <!-- testA -->
</testsuite> <!-- Test -->
